<?xml version="1.0" encoding="UTF-8"?>
<!-- Generated by org.testng.reporters.JUnitReportReporter -->
<testsuite hostname="Niwass-MBP.lan" failures="0" tests="2" name="com.Tekarch.CRUD.ValidateLoginFunctionality" time="4.636" errors="0" timestamp="2024-03-10T23:07:23 PDT" skipped="0">
  <testcase classname="com.Tekarch.CRUD.ValidateLoginFunctionality" name="validateLoginWithValidCredentials" time="4.293"/>
  <system-out/>
  <testcase classname="com.Tekarch.CRUD.ValidateLoginFunctionality" name="validateLoginWithInValidCredentials" time="0.343"/>
  <system-out/>
</testsuite> <!-- com.Tekarch.CRUD.ValidateLoginFunctionality -->
