<?xml version="1.0" encoding="UTF-8"?>
<!-- Generated by org.testng.reporters.JUnitReportReporter -->
<testsuite hostname="Niwass-MBP.lan" failures="0" tests="1" name="com.Tekarch.API.APITesting" time="20.767" errors="0" timestamp="2024-03-01T21:55:54 PST" skipped="0">
  <testcase classname="com.Tekarch.API.APITesting" name="getdataaftercreate" time="20.767"/>
  <system-out/>
</testsuite> <!-- com.Tekarch.API.APITesting -->
