<?xml version="1.0" encoding="UTF-8"?>
<!-- Generated by org.testng.reporters.JUnitReportReporter -->
<testsuite hostname="Niwass-MBP.lan" failures="0" tests="1" name="com.Tekarch.API.FakerAPI2" time="3.286" errors="0" timestamp="2024-03-02T23:42:57 PST" skipped="0">
  <testcase classname="com.Tekarch.API.FakerAPI2" name="FirstTestRequest2" time="3.286"/>
  <system-out/>
</testsuite> <!-- com.Tekarch.API.FakerAPI2 -->
