<?xml version="1.0" encoding="UTF-8"?>
<!-- Generated by org.testng.reporters.JUnitReportReporter -->
<testsuite hostname="Niwass-MBP.lan" failures="0" tests="1" name="com.Tekarch.API.Universities" time="1.904" errors="0" timestamp="2024-03-01T08:47:17 PST" skipped="0">
  <testcase classname="com.Tekarch.API.Universities" name="getdata" time="1.904"/>
  <system-out/>
</testsuite> <!-- com.Tekarch.API.Universities -->
