<?xml version="1.0" encoding="UTF-8"?>
<!-- Generated by org.testng.reporters.JUnitReportReporter -->
<testsuite hostname="Niwass-MBP.lan" failures="0" tests="6" name="com.Tekarch.CRUD.ValidateAddAndDeleteData_Functionality" time="49.376" errors="0" timestamp="2024-03-10T23:07:23 PDT" skipped="0">
  <testcase classname="com.Tekarch.CRUD.ValidateAddAndDeleteData_Functionality" name="validateAddDataFunctionality" time="2.101"/>
  <system-out/>
  <testcase classname="com.Tekarch.CRUD.ValidateAddAndDeleteData_Functionality" name="validateAddedDataInGetData" time="12.986"/>
  <system-out/>
  <testcase classname="com.Tekarch.CRUD.ValidateAddAndDeleteData_Functionality" name="validateUpdateDataFunctionality" time="4.110"/>
  <system-out/>
  <testcase classname="com.Tekarch.CRUD.ValidateAddAndDeleteData_Functionality" name="validateUpdateDataInGetData" time="15.686"/>
  <system-out/>
  <testcase classname="com.Tekarch.CRUD.ValidateAddAndDeleteData_Functionality" name="validateDeleteData" time="2.052"/>
  <system-out/>
  <testcase classname="com.Tekarch.CRUD.ValidateAddAndDeleteData_Functionality" name="validateDeletedDataInGetData" time="12.441"/>
  <system-out/>
</testsuite> <!-- com.Tekarch.CRUD.ValidateAddAndDeleteData_Functionality -->
