<?xml version="1.0" encoding="UTF-8"?>
<!-- Generated by org.testng.reporters.JUnitReportReporter -->
<testsuite hostname="Niwass-MBP.lan" failures="0" tests="1" name="com.Tekarch.API.APIwithPOJO" time="5.555" errors="0" timestamp="2024-03-01T19:16:52 PST" skipped="0">
  <testcase classname="com.Tekarch.API.APIwithPOJO" name="createdata" time="5.555"/>
  <system-out/>
</testsuite> <!-- com.Tekarch.API.APIwithPOJO -->
