<?xml version="1.0" encoding="UTF-8"?>
<!-- Generated by org.testng.reporters.JUnitReportReporter -->
<testsuite hostname="Niwass-MBP.lan" failures="0" tests="1" name="com.Tekarch.API.FakerAPI" time="5.341" errors="1" timestamp="2024-03-02T23:14:38 PST" skipped="0">
  <testcase classname="com.Tekarch.API.FakerAPI" name="FirstTestRequest2" time="5.341">
    <error message="Invalid JSON expression:
Script1.groovy: 1: Unexpected input: &#039;ob.title==Activity&#039; @ line 1, column 36.
                            find{ob-&gt;ob.title==Activity 1}
                                      ^

1 error
" type="java.lang.IllegalArgumentException">
      <![CDATA[java.lang.IllegalArgumentException: Invalid JSON expression:
Script1.groovy: 1: Unexpected input: 'ob.title==Activity' @ line 1, column 36.
                            find{ob->ob.title==Activity 1}
                                      ^

1 error

at java.base/jdk.internal.reflect.NativeConstructorAccessorImpl.newInstance0(Native Method)
at java.base/jdk.internal.reflect.NativeConstructorAccessorImpl.newInstance(NativeConstructorAccessorImpl.java:77)
at java.base/jdk.internal.reflect.DelegatingConstructorAccessorImpl.newInstance(DelegatingConstructorAccessorImpl.java:45)
at java.base/java.lang.reflect.Constructor.newInstanceWithCaller(Constructor.java:499)
at java.base/java.lang.reflect.Constructor.newInstance(Constructor.java:480)
at org.codehaus.groovy.reflection.CachedConstructor.invoke(CachedConstructor.java:72)
at org.codehaus.groovy.runtime.callsite.ConstructorSite$ConstructorSiteNoUnwrapNoCoerce.callConstructor(ConstructorSite.java:105)
at org.codehaus.groovy.runtime.callsite.CallSiteArray.defaultCallConstructor(CallSiteArray.java:59)
at org.codehaus.groovy.runtime.callsite.AbstractCallSite.callConstructor(AbstractCallSite.java:263)
at org.codehaus.groovy.runtime.callsite.AbstractCallSite.callConstructor(AbstractCallSite.java:286)
at io.restassured.internal.path.json.JSONAssertion.getAsJsonObject(JSONAssertion.groovy:57)
at io.restassured.internal.path.json.JSONAssertion$getAsJsonObject.callCurrent(Unknown Source)
at io.restassured.internal.path.json.JSONAssertion.getResult(JSONAssertion.groovy:28)
at io.restassured.path.json.JsonPath.get(JsonPath.java:203)
at io.restassured.path.json.JsonPath.getList(JsonPath.java:375)
at com.Tekarch.API.FakerAPI.FirstTestRequest2(FakerAPI.java:46)
at java.base/jdk.internal.reflect.NativeMethodAccessorImpl.invoke0(Native Method)
at java.base/jdk.internal.reflect.NativeMethodAccessorImpl.invoke(NativeMethodAccessorImpl.java:77)
at java.base/jdk.internal.reflect.DelegatingMethodAccessorImpl.invoke(DelegatingMethodAccessorImpl.java:43)
at java.base/java.lang.reflect.Method.invoke(Method.java:568)
at org.testng.internal.invokers.MethodInvocationHelper.invokeMethod(MethodInvocationHelper.java:139)
at org.testng.internal.invokers.TestInvoker.invokeMethod(TestInvoker.java:677)
at org.testng.internal.invokers.TestInvoker.invokeTestMethod(TestInvoker.java:221)
at org.testng.internal.invokers.MethodRunner.runInSequence(MethodRunner.java:50)
at org.testng.internal.invokers.TestInvoker$MethodInvocationAgent.invoke(TestInvoker.java:969)
at org.testng.internal.invokers.TestInvoker.invokeTestMethods(TestInvoker.java:194)
at org.testng.internal.invokers.TestMethodWorker.invokeTestMethods(TestMethodWorker.java:148)
at org.testng.internal.invokers.TestMethodWorker.run(TestMethodWorker.java:128)
at java.base/java.util.ArrayList.forEach(ArrayList.java:1511)
at org.testng.TestRunner.privateRun(TestRunner.java:829)
at org.testng.TestRunner.run(TestRunner.java:602)
at org.testng.SuiteRunner.runTest(SuiteRunner.java:437)
at org.testng.SuiteRunner.runSequentially(SuiteRunner.java:431)
at org.testng.SuiteRunner.privateRun(SuiteRunner.java:391)
at org.testng.SuiteRunner.run(SuiteRunner.java:330)
at org.testng.SuiteRunnerWorker.runSuite(SuiteRunnerWorker.java:52)
at org.testng.SuiteRunnerWorker.run(SuiteRunnerWorker.java:95)
at org.testng.TestNG.runSuitesSequentially(TestNG.java:1256)
at org.testng.TestNG.runSuitesLocally(TestNG.java:1176)
at org.testng.TestNG.runSuites(TestNG.java:1099)
at org.testng.TestNG.run(TestNG.java:1067)
at org.testng.remote.AbstractRemoteTestNG.run(AbstractRemoteTestNG.java:115)
at org.testng.remote.RemoteTestNG.initAndRun(RemoteTestNG.java:251)
at org.testng.remote.RemoteTestNG.main(RemoteTestNG.java:77)
Caused by: org.codehaus.groovy.control.MultipleCompilationErrorsException: startup failed:
Script1.groovy: 1: Unexpected input: 'ob.title==Activity' @ line 1, column 36.
   restAssuredJsonRootObject.find{ob->ob.title==Activity 1}
                                      ^

1 error

at org.codehaus.groovy.control.ErrorCollector.failIfErrors(ErrorCollector.java:295)
at org.codehaus.groovy.control.ErrorCollector.addFatalError(ErrorCollector.java:151)
at org.apache.groovy.parser.antlr4.AstBuilder.collectSyntaxError(AstBuilder.java:4388)
at org.apache.groovy.parser.antlr4.AstBuilder.createParsingFailedException(AstBuilder.java:4367)
at org.apache.groovy.parser.antlr4.AstBuilder.createParsingFailedException(AstBuilder.java:4324)
at org.apache.groovy.parser.antlr4.AstBuilder.visitCommandExpression(AstBuilder.java:1882)
at org.apache.groovy.parser.antlr4.AstBuilder.visitCommandExprAlt(AstBuilder.java:1861)
at org.apache.groovy.parser.antlr4.AstBuilder.visitCommandExprAlt(AstBuilder.java:176)
at org.apache.groovy.parser.antlr4.GroovyParser$CommandExprAltContext.accept(GroovyParser.java:8053)
at groovyjarjarantlr4.v4.runtime.tree.AbstractParseTreeVisitor.visitChildren(AbstractParseTreeVisitor.java:48)
at org.apache.groovy.parser.antlr4.GroovyParserBaseVisitor.visitExpressionStmtAlt(GroovyParserBaseVisitor.java:402)
at org.apache.groovy.parser.antlr4.GroovyParser$ExpressionStmtAltContext.accept(GroovyParser.java:6756)
at groovyjarjarantlr4.v4.runtime.tree.AbstractParseTreeVisitor.visit(AbstractParseTreeVisitor.java:20)
at org.apache.groovy.parser.antlr4.AstBuilder.visit(AstBuilder.java:4033)
at org.apache.groovy.parser.antlr4.AstBuilder.visitBlockStatement(AstBuilder.java:3832)
at java.base/java.util.stream.ReferencePipeline$3$1.accept(ReferencePipeline.java:197)
at java.base/java.util.ArrayList$ArrayListSpliterator.forEachRemaining(ArrayList.java:1625)
at java.base/java.util.stream.AbstractPipeline.copyInto(AbstractPipeline.java:509)
at java.base/java.util.stream.AbstractPipeline.wrapAndCopyInto(AbstractPipeline.java:499)
at java.base/java.util.stream.ReduceOps$ReduceOp.evaluateSequential(ReduceOps.java:921)
at java.base/java.util.stream.AbstractPipeline.evaluate(AbstractPipeline.java:234)
at java.base/java.util.stream.ReferencePipeline.collect(ReferencePipeline.java:682)
at org.apache.groovy.parser.antlr4.AstBuilder.visitBlockStatements(AstBuilder.java:3821)
at org.apache.groovy.parser.antlr4.AstBuilder.visitBlockStatementsOpt(AstBuilder.java:3808)
at org.apache.groovy.parser.antlr4.AstBuilder.visitClosure(AstBuilder.java:3471)
at org.apache.groovy.parser.antlr4.AstBuilder.visitClosureOrLambdaExpression(AstBuilder.java:3796)
at org.apache.groovy.parser.antlr4.AstBuilder.visitPathElement(AstBuilder.java:2229)
at org.apache.groovy.parser.antlr4.AstBuilder.lambda$createPathExpression$35(AstBuilder.java:4118)
at java.base/java.util.stream.ReduceOps$1ReducingSink.accept(ReduceOps.java:80)
at java.base/java.util.stream.ReferencePipeline$3$1.accept(ReferencePipeline.java:197)
at java.base/java.util.ArrayList$ArrayListSpliterator.forEachRemaining(ArrayList.java:1625)
at java.base/java.util.stream.AbstractPipeline.copyInto(AbstractPipeline.java:509)
at java.base/java.util.stream.AbstractPipeline.wrapAndCopyInto(AbstractPipeline.java:499)
at java.base/java.util.stream.ReduceOps$ReduceOp.evaluateSequential(ReduceOps.java:921)
at java.base/java.util.stream.AbstractPipeline.evaluate(AbstractPipeline.java:234)
at java.base/java.util.stream.ReferencePipeline.reduce(ReferencePipeline.java:657)
at org.apache.groovy.parser.antlr4.AstBuilder.createPathExpression(AstBuilder.java:4114)
at org.apache.groovy.parser.antlr4.AstBuilder.visitPathExpression(AstBuilder.java:2082)
at org.apache.groovy.parser.antlr4.AstBuilder.visitPostfixExpression(AstBuilder.java:2550)
at org.apache.groovy.parser.antlr4.AstBuilder.visitPostfixExpression(AstBuilder.java:176)
at org.apache.groovy.parser.antlr4.GroovyParser$PostfixExpressionContext.accept(GroovyParser.java:8094)
at groovyjarjarantlr4.v4.runtime.tree.AbstractParseTreeVisitor.visitChildren(AbstractParseTreeVisitor.java:48)
at org.apache.groovy.parser.antlr4.GroovyParserBaseVisitor.visitPostfixExprAlt(GroovyParserBaseVisitor.java:162)
at org.apache.groovy.parser.antlr4.GroovyParser$PostfixExprAltContext.accept(GroovyParser.java:8175)
at groovyjarjarantlr4.v4.runtime.tree.AbstractParseTreeVisitor.visit(AbstractParseTreeVisitor.java:20)
at org.apache.groovy.parser.antlr4.AstBuilder.visit(AstBuilder.java:4033)
at org.apache.groovy.parser.antlr4.AstBuilder.visitCommandExpression(AstBuilder.java:1876)
at org.apache.groovy.parser.antlr4.AstBuilder.visitCommandExprAlt(AstBuilder.java:1861)
at org.apache.groovy.parser.antlr4.AstBuilder.visitCommandExprAlt(AstBuilder.java:176)
at org.apache.groovy.parser.antlr4.GroovyParser$CommandExprAltContext.accept(GroovyParser.java:8053)
at groovyjarjarantlr4.v4.runtime.tree.AbstractParseTreeVisitor.visitChildren(AbstractParseTreeVisitor.java:48)
at org.apache.groovy.parser.antlr4.GroovyParserBaseVisitor.visitExpressionStmtAlt(GroovyParserBaseVisitor.java:402)
at org.apache.groovy.parser.antlr4.GroovyParser$ExpressionStmtAltContext.accept(GroovyParser.java:6756)
at groovyjarjarantlr4.v4.runtime.tree.AbstractParseTreeVisitor.visitChildren(AbstractParseTreeVisitor.java:48)
at org.apache.groovy.parser.antlr4.GroovyParserBaseVisitor.visitScriptStatement(GroovyParserBaseVisitor.java:466)
at org.apache.groovy.parser.antlr4.GroovyParser$ScriptStatementContext.accept(GroovyParser.java:471)
at groovyjarjarantlr4.v4.runtime.tree.AbstractParseTreeVisitor.visit(AbstractParseTreeVisitor.java:20)
at org.apache.groovy.parser.antlr4.AstBuilder.visit(AstBuilder.java:4033)
at org.apache.groovy.parser.antlr4.AstBuilder.lambda$visitScriptStatements$0(AstBuilder.java:321)
at java.base/java.util.stream.ReferencePipeline$3$1.accept(ReferencePipeline.java:197)
at java.base/java.util.ArrayList$ArrayListSpliterator.forEachRemaining(ArrayList.java:1625)
at java.base/java.util.stream.AbstractPipeline.copyInto(AbstractPipeline.java:509)
at java.base/java.util.stream.AbstractPipeline.wrapAndCopyInto(AbstractPipeline.java:499)
at java.base/java.util.stream.ReduceOps$ReduceOp.evaluateSequential(ReduceOps.java:921)
at java.base/java.util.stream.AbstractPipeline.evaluate(AbstractPipeline.java:234)
at java.base/java.util.stream.ReferencePipeline.collect(ReferencePipeline.java:682)
at org.apache.groovy.parser.antlr4.AstBuilder.visitScriptStatements(AstBuilder.java:322)
at org.apache.groovy.parser.antlr4.AstBuilder.visitCompilationUnit(AstBuilder.java:279)
at org.apache.groovy.parser.antlr4.AstBuilder.visitCompilationUnit(AstBuilder.java:176)
at org.apache.groovy.parser.antlr4.GroovyParser$CompilationUnitContext.accept(GroovyParser.java:317)
at groovyjarjarantlr4.v4.runtime.tree.AbstractParseTreeVisitor.visit(AbstractParseTreeVisitor.java:20)
at org.apache.groovy.parser.antlr4.AstBuilder.visit(AstBuilder.java:4033)
at org.apache.groovy.parser.antlr4.AstBuilder.buildAST(AstBuilder.java:269)
at org.apache.groovy.parser.antlr4.Antlr4ParserPlugin.buildAST(Antlr4ParserPlugin.java:58)
at org.codehaus.groovy.control.SourceUnit.buildAST(SourceUnit.java:257)
at java.base/java.util.Iterator.forEachRemaining(Iterator.java:133)
at java.base/java.util.Spliterators$IteratorSpliterator.forEachRemaining(Spliterators.java:1845)
at java.base/java.util.stream.ReferencePipeline$Head.forEach(ReferencePipeline.java:762)
at org.codehaus.groovy.control.CompilationUnit.buildASTs(CompilationUnit.java:666)
at org.codehaus.groovy.control.CompilationUnit.compile(CompilationUnit.java:632)
at groovy.lang.GroovyClassLoader.doParseClass(GroovyClassLoader.java:389)
at groovy.lang.GroovyClassLoader.lambda$parseClass$3(GroovyClassLoader.java:332)
at org.codehaus.groovy.runtime.memoize.StampedCommonCache.compute(StampedCommonCache.java:163)
at org.codehaus.groovy.runtime.memoize.StampedCommonCache.getAndPut(StampedCommonCache.java:154)
at groovy.lang.GroovyClassLoader.parseClass(GroovyClassLoader.java:330)
at groovy.lang.GroovyShell.parseClass(GroovyShell.java:526)
at groovy.lang.GroovyShell.parse(GroovyShell.java:538)
at groovy.lang.GroovyShell.evaluate(GroovyShell.java:426)
at groovy.lang.GroovyShell.evaluate(GroovyShell.java:461)
at groovy.lang.GroovyShell.evaluate(GroovyShell.java:436)
at java.base/jdk.internal.reflect.NativeMethodAccessorImpl.invoke0(Native Method)
at java.base/jdk.internal.reflect.NativeMethodAccessorImpl.invoke(NativeMethodAccessorImpl.java:77)
at java.base/jdk.internal.reflect.DelegatingMethodAccessorImpl.invoke(DelegatingMethodAccessorImpl.java:43)
at java.base/java.lang.reflect.Method.invoke(Method.java:568)
at org.codehaus.groovy.runtime.callsite.PlainObjectMetaMethodSite.doInvoke(PlainObjectMetaMethodSite.java:43)
at org.codehaus.groovy.runtime.callsite.PogoMetaMethodSite$PogoCachedMethodSiteNoUnwrap.invoke(PogoMetaMethodSite.java:182)
at org.codehaus.groovy.runtime.callsite.PogoMetaMethodSite.call(PogoMetaMethodSite.java:73)
at org.codehaus.groovy.runtime.callsite.AbstractCallSite.call(AbstractCallSite.java:139)
at io.restassured.internal.path.json.JSONAssertion.eval(JSONAssertion.groovy:80)
at java.base/jdk.internal.reflect.NativeMethodAccessorImpl.invoke0(Native Method)
at java.base/jdk.internal.reflect.NativeMethodAccessorImpl.invoke(NativeMethodAccessorImpl.java:77)
at java.base/jdk.internal.reflect.DelegatingMethodAccessorImpl.invoke(DelegatingMethodAccessorImpl.java:43)
at java.base/java.lang.reflect.Method.invoke(Method.java:568)
at org.codehaus.groovy.runtime.callsite.PlainObjectMetaMethodSite.doInvoke(PlainObjectMetaMethodSite.java:43)
at org.codehaus.groovy.runtime.callsite.PogoMetaMethodSite$PogoCachedMethodSiteNoUnwrapNoCoerce.invoke(PogoMetaMethodSite.java:193)
at org.codehaus.groovy.runtime.callsite.PogoMetaMethodSite.callCurrent(PogoMetaMethodSite.java:61)
at org.codehaus.groovy.runtime.callsite.AbstractCallSite.callCurrent(AbstractCallSite.java:203)
at io.restassured.internal.path.json.JSONAssertion.getAsJsonObject(JSONAssertion.groovy:46)
... 33 more
]]>
    </error>
  </testcase> <!-- FirstTestRequest2 -->
  <system-out/>
</testsuite> <!-- com.Tekarch.API.FakerAPI -->
