<?xml version="1.0" encoding="UTF-8"?>
<!-- Generated by org.testng.reporters.JUnitReportReporter -->
<testsuite hostname="Niwass-MBP.lan" failures="0" tests="7" name="com.Tekarch.API.POJO.APIwithPOJO" time="58.234" errors="0" timestamp="2024-03-15T15:35:08 PDT" skipped="0">
  <testcase classname="com.Tekarch.API.POJO.APIwithPOJO" name="getdata" time="17.979"/>
  <system-out/>
  <testcase classname="com.Tekarch.API.POJO.APIwithPOJO" name="createdata" time="0.865"/>
  <system-out/>
  <testcase classname="com.Tekarch.API.POJO.APIwithPOJO" name="getdataaftercreate" time="13.089"/>
  <system-out/>
  <testcase classname="com.Tekarch.API.POJO.APIwithPOJO" name="updatedata" time="0.706"/>
  <system-out/>
  <testcase classname="com.Tekarch.API.POJO.APIwithPOJO" name="getdataafterupdate" time="11.339"/>
  <system-out/>
  <testcase classname="com.Tekarch.API.POJO.APIwithPOJO" name="deletedata" time="0.668"/>
  <system-out/>
  <testcase classname="com.Tekarch.API.POJO.APIwithPOJO" name="getdataafterdeletion" time="13.588"/>
  <system-out/>
</testsuite> <!-- com.Tekarch.API.POJO.APIwithPOJO -->
