<?xml version="1.0" encoding="UTF-8"?>
<!-- Generated by org.testng.reporters.JUnitReportReporter -->
<testsuite hostname="Niwass-MBP.lan" failures="0" tests="1" name="com.Tekarch.API.UpdateData" time="5.972" errors="0" timestamp="2024-02-28T22:11:57 PST" skipped="0">
  <testcase classname="com.Tekarch.API.UpdateData" name="updatedata" time="5.972"/>
  <system-out/>
</testsuite> <!-- com.Tekarch.API.UpdateData -->
