<?xml version="1.0" encoding="UTF-8"?>
<!-- Generated by org.testng.reporters.JUnitReportReporter -->
<testsuite hostname="Niwass-MBP.lan" failures="0" tests="7" name="com.Tekarch.CRUD.ValidateAddAndDeleteData_Functionality" time="54.223" errors="0" timestamp="2024-12-12T16:16:44 PST" skipped="0">
  <testcase classname="com.Tekarch.CRUD.ValidateAddAndDeleteData_Functionality" name="validateLoginWithValidCredentials" time="2.279"/>
  <system-out/>
  <testcase classname="com.Tekarch.CRUD.ValidateAddAndDeleteData_Functionality" name="validateAddDataFunctionality" time="1.824"/>
  <system-out/>
  <testcase classname="com.Tekarch.CRUD.ValidateAddAndDeleteData_Functionality" name="validateAddedDataInGetData" time="9.171"/>
  <system-out/>
  <testcase classname="com.Tekarch.CRUD.ValidateAddAndDeleteData_Functionality" name="validateUpdateDataFunctionality" time="2.213"/>
  <system-out/>
  <testcase classname="com.Tekarch.CRUD.ValidateAddAndDeleteData_Functionality" name="validateUpdateDataInGetData" time="19.875"/>
  <system-out/>
  <testcase classname="com.Tekarch.CRUD.ValidateAddAndDeleteData_Functionality" name="validateDeleteData" time="3.375"/>
  <system-out/>
  <testcase classname="com.Tekarch.CRUD.ValidateAddAndDeleteData_Functionality" name="validateDeletedDataInGetData" time="15.486"/>
  <system-out/>
</testsuite> <!-- com.Tekarch.CRUD.ValidateAddAndDeleteData_Functionality -->
